<?xml version="1.0" encoding="UTF-8"?>
<!-- Generated by org.testng.reporters.JUnitReportReporter -->
<testsuite hostname="DESKTOP-E0G9098" failures="0" tests="1" name="runner.TestRunner" time="7.208" errors="0" timestamp="2023-08-24T07:40:10 IST" skipped="0">
  <testcase classname="runner.TestRunner" name="runScenario" time="7.208"/>
  <system-out/>
</testsuite> <!-- runner.TestRunner -->
